==================================================================
DateTime09/06/2017 01:34:03
 Controller: Requirement
 URL: http://localhost:50130/Requirement/CreateReq
 Action: CreateReq
 Error Message: An error occurred while executing the command definition. See the inner exception for details.
 Inner Exception: An error occurred while executing the command definition. See the inner exception for details.
 User: ADMIN
 UserIP: 192.168.0.11
==================================================================
==================================================================
DateTime09/06/2017 01:51:17
 Controller: Requirement
 URL: http://localhost:50130/Requirement/CreateReq
 Action: CreateReq
 Error Message: An error occurred while executing the command definition. See the inner exception for details.
 Inner Exception: An error occurred while executing the command definition. See the inner exception for details.
 User: ADMIN
 UserIP: 192.168.0.11
==================================================================
